<component name="libraryTable">
  <library name="junit-4.10">
    <CLASSES>
      <root url="jar://$PROJECT_DIR$/web/WEB-INF/lib/junit-4.10.jar!/" />
      <root url="jar://$PROJECT_DIR$/web/WEB-INF/lib/log4j-1.2.16.jar!/" />
      <root url="jar://$PROJECT_DIR$/web/WEB-INF/lib/mysql-connector-java-5.1.6-bin.jar!/" />
    </CLASSES>
    <JAVADOC />
    <SOURCES />
  </library>
</component>